2023-05-25 17:43:07.891[info] 시작!
2023-05-25 17:46:06.276[info] 시작!
2023-05-25 17:47:00.567[info] 시작!
2023-05-25 17:47:43.429[info] 시작!
2023-05-25 17:48:11.435[info] 시작!
2023-05-25 17:48:21.850[info] 시작!
2023-05-25 17:48:41.051[info] 시작!
2023-05-25 18:07:44.519[info] 시작!
2023-05-25 18:08:53.361[info] 시작!
2023-05-25 18:14:26.161[info] 시작!
2023-05-25 18:19:54.347[info] 시작!
2023-05-25 18:20:29.486[info] 시작!
2023-05-25 18:23:31.910[info] 시작!
2023-05-25 19:01:14.816[info] 시작!
2023-05-25 19:02:06.370[info] 시작!
2023-05-25 19:02:19.849[info] 시작!
2023-05-25 19:05:50.442[info] 시작!
2023-05-25 19:10:24.130[info] 시작!
2023-05-25 19:14:56.743[info] 시작!
2023-05-25 19:14:56.868[error] DB Connection fail Unknown database 'hangang'
2023-05-25 19:15:28.440[info] 시작!
2023-05-25 19:15:28.546[error] DB 연결실패ㅜ.ㅜ Unknown database 'hangang'
2023-05-25 19:16:29.943[info] 시작!
2023-05-25 19:16:30.051[error] DB 연결실패ㅜ.ㅜ Unknown database 'hangang'
2023-05-25 19:17:26.346[info] 시작!
2023-05-25 19:17:26.416[error] DB 연결실패ㅜ.ㅜ Unknown database 'hangang'
2023-05-25 19:17:37.780[info] 시작!
2023-05-25 19:17:37.843[error] DB 연결실패ㅜ.ㅜ Unknown database 'hangang'
2023-05-25 19:18:37.340[info] 시작!
2023-05-25 19:18:37.403[error] DB 연결실패ㅜ.ㅜ Unknown database 'hangang'
2023-05-25 19:18:53.152[info] 시작!
2023-05-25 19:18:53.269[error] DB 연결실패ㅜ.ㅜ Unknown database 'hangang'
2023-05-25 19:19:35.918[info] 시작!
2023-05-25 19:19:36.037[error] DB 연결실패ㅜ.ㅜ Unknown database 'hangang'
2023-05-25 19:27:44.477[info] 시작!
2023-05-25 19:28:30.918[info] 시작!
2023-05-25 19:29:52.673[info] 시작!
2023-05-25 19:30:49.355[info] 시작!
2023-05-25 19:31:37.786[info] 시작!
2023-05-25 19:31:55.603[info] 시작!
2023-05-25 19:31:55.722[error] DB Connection fail Unknown database 'hangang'
2023-05-25 19:34:34.410[info] 시작!
2023-05-25 19:34:34.520[error] DB Connection fail Unknown database 'hangang'
2023-05-25 19:36:15.031[info] 시작!
2023-05-25 19:36:15.141[error] DB Connection fail Unknown database 'hangang'
2023-05-25 19:37:41.221[info] 시작!
2023-05-25 19:37:41.333[error] DB Connection fail Unknown database 'hangang'
2023-05-25 19:38:01.773[info] 시작!
2023-05-25 19:38:01.890[error] DB Connection fail Unknown database 'hangang'
2023-05-25 19:38:15.122[info] 시작!
2023-05-25 19:38:15.234[error] DB Connection fail Unknown database 'hangang'
2023-05-25 19:40:32.508[info] 시작!
2023-05-25 19:40:32.638[info] DB connection success
2023-05-25 19:40:32.693[info] Sequelize sync success
2023-05-25 19:42:32.258[info] 시작!
2023-05-25 19:42:32.564[info] DB 연결 성공!
2023-05-25 19:42:32.584[info] 동기화 성공!
2023-05-25 19:50:46.597[info] 시작!
2023-05-25 19:50:46.729[info] DB 연결 성공!
2023-05-25 19:50:46.747[info] sequelize 동기화 성공!
2023-05-25 19:53:57.944[info] 시작!
2023-05-25 19:53:58.074[info] DB 연결 성공!
2023-05-25 19:53:58.092[info] sequelize 동기화 성공!
2023-05-25 19:56:13.702[info] 시작!
2023-05-25 19:56:13.834[info] DB 연결 성공!
2023-05-25 19:56:13.850[info] sequelize 동기화 성공!
2023-05-25 19:57:30.351[info] 시작!
2023-05-25 19:57:30.482[info] DB 연결 성공!
2023-05-25 19:57:30.499[info] sequelize 동기화 성공!
2023-05-25 19:58:39.408[info] 시작!
2023-05-25 19:58:39.545[info] DB 연결 성공!
2023-05-25 19:58:39.561[info] sequelize 동기화 성공!
2023-05-25 20:02:22.837[info] 시작!
2023-05-25 20:02:22.972[info] DB 연결 성공!
2023-05-25 20:02:22.988[info] sequelize 동기화 성공!
2023-05-25 20:14:22.898[info] 시작!
2023-05-25 20:14:23.034[info] DB 연결 성공!
2023-05-25 20:14:23.051[info] sequelize 동기화 성공!
2023-05-25 20:14:52.549[info] 시작!
2023-05-25 20:14:52.681[info] DB 연결 성공!
2023-05-25 20:14:52.697[info] sequelize 동기화 성공!
2023-05-25 20:15:24.469[info] 시작!
2023-05-25 20:15:24.598[info] DB 연결 성공!
2023-05-25 20:15:24.613[info] sequelize 동기화 성공!
2023-05-25 20:16:55.521[info] 시작!
2023-05-25 20:16:55.681[info] DB 연결 성공!
2023-05-25 20:16:55.701[info] sequelize 동기화 성공!
2023-05-25 20:17:43.930[info] 시작!
2023-05-25 20:17:44.064[info] DB 연결 성공!
2023-05-25 20:17:44.081[info] sequelize 동기화 성공!
2023-05-25 20:18:07.199[info] 시작!
2023-05-25 20:18:07.328[info] DB 연결 성공!
2023-05-25 20:18:07.343[info] sequelize 동기화 성공!
2023-05-25 20:32:54.800[info] 시작!
2023-05-25 20:32:54.934[info] DB 연결 성공!
2023-05-25 20:32:54.950[info] sequelize 동기화 성공!
2023-05-25 20:33:21.572[info] 시작!
2023-05-25 20:33:21.707[info] DB 연결 성공!
2023-05-25 20:33:21.723[info] sequelize 동기화 성공!
2023-05-25 20:37:53.919[info] 시작!
2023-05-25 20:37:54.071[info] DB 연결 성공!
2023-05-25 20:37:54.089[info] sequelize 동기화 성공!
2023-05-25 20:39:14.541[info] 시작!
2023-05-25 20:39:14.671[info] DB 연결 성공!
2023-05-25 20:39:14.687[info] sequelize 동기화 성공!
2023-05-25 20:39:42.474[info] 시작!
2023-05-25 20:39:42.605[info] DB 연결 성공!
2023-05-25 20:39:42.621[info] sequelize 동기화 성공!
2023-05-25 20:40:32.978[info] 시작!
2023-05-25 20:40:33.106[info] DB 연결 성공!
2023-05-25 20:40:33.121[info] sequelize 동기화 성공!
2023-05-25 20:40:53.913[info] 시작!
2023-05-25 20:40:54.041[info] DB 연결 성공!
2023-05-25 20:40:54.057[info] sequelize 동기화 성공!
2023-05-25 20:42:34.372[info] 시작!
2023-05-25 20:42:34.501[info] DB 연결 성공!
2023-05-25 20:42:34.518[info] sequelize 동기화 성공!
2023-05-25 20:43:58.855[info] 시작!
2023-05-25 20:43:58.989[info] DB 연결 성공!
2023-05-25 20:43:59.005[info] sequelize 동기화 성공!
2023-05-25 20:46:14.474[info] 시작!
2023-05-25 20:46:14.626[info] DB 연결 성공!
2023-05-25 20:46:14.641[info] sequelize 동기화 성공!
2023-05-25 20:46:29.316[info] 시작!
2023-05-25 20:46:29.480[info] DB 연결 성공!
2023-05-25 20:46:29.496[info] sequelize 동기화 성공!
2023-05-25 20:57:35.478[info] 시작!
2023-05-25 20:57:35.609[info] DB 연결 성공!
2023-05-25 20:57:35.625[info] sequelize 동기화 성공!
2023-05-25 20:58:06.148[info] 시작!
2023-05-25 20:58:06.281[info] DB 연결 성공!
2023-05-25 20:58:06.297[info] sequelize 동기화 성공!
2023-05-25 20:58:24.095[info] 시작!
2023-05-25 20:58:24.233[info] DB 연결 성공!
2023-05-25 20:58:24.249[info] sequelize 동기화 성공!
2023-05-25 20:59:45.981[info] 시작!
2023-05-25 20:59:46.111[info] DB 연결 성공!
2023-05-25 20:59:46.127[info] sequelize 동기화 성공!
2023-05-25 21:00:16.231[info] 시작!
2023-05-25 21:00:16.363[info] DB 연결 성공!
2023-05-25 21:00:16.379[info] sequelize 동기화 성공!
2023-05-25 21:02:36.983[info] 시작!
2023-05-25 21:02:37.113[info] DB 연결 성공!
2023-05-25 21:02:37.128[info] sequelize 동기화 성공!
2023-05-25 21:04:08.868[info] 시작!
2023-05-25 21:04:08.993[info] DB 연결 성공!
2023-05-25 21:04:09.009[info] sequelize 동기화 성공!
2023-05-25 21:05:01.082[info] 시작!
2023-05-25 21:05:01.214[info] DB 연결 성공!
2023-05-25 21:05:01.230[info] sequelize 동기화 성공!
2023-05-25 21:05:32.623[info] 시작!
2023-05-25 21:05:32.756[info] DB 연결 성공!
2023-05-25 21:05:32.772[info] sequelize 동기화 성공!
2023-05-25 21:07:46.092[info] 시작!
2023-05-25 21:07:46.222[info] DB 연결 성공!
2023-05-25 21:07:46.238[info] sequelize 동기화 성공!
2023-05-25 21:08:59.956[info] 시작!
2023-05-25 21:09:00.088[info] DB 연결 성공!
2023-05-25 21:09:00.104[info] sequelize 동기화 성공!
2023-05-25 21:10:51.145[info] 시작!
2023-05-25 21:10:51.288[info] DB 연결 성공!
2023-05-25 21:10:51.307[info] sequelize 동기화 성공!
2023-05-25 21:20:47.453[info] 시작!
2023-05-25 21:20:47.603[info] DB 연결 성공!
2023-05-25 21:20:47.625[info] sequelize 동기화 성공!
2023-05-25 21:23:10.297[info] 시작!
2023-05-25 21:23:10.426[info] DB 연결 성공!
2023-05-25 21:23:10.441[info] sequelize 동기화 성공!
2023-05-25 21:24:05.834[info] 시작!
2023-05-25 21:24:05.965[info] DB 연결 성공!
2023-05-25 21:24:05.980[info] sequelize 동기화 성공!
2023-05-25 21:30:09.743[info] 시작!
2023-05-25 21:30:09.877[info] DB 연결 성공!
2023-05-25 21:30:09.892[info] sequelize 동기화 성공!
2023-05-25 21:31:06.457[info] 시작!
2023-05-25 21:31:06.591[info] DB 연결 성공!
2023-05-25 21:31:06.606[info] sequelize 동기화 성공!
2023-05-25 21:35:24.836[info] (user.req.params){}
2023-05-25 21:38:11.910[info] 시작!
2023-05-25 21:38:12.042[info] DB 연결 성공!
2023-05-25 21:38:12.059[info] sequelize 동기화 성공!
2023-05-25 21:38:17.353[info] (user.req.params){"name":"gusdn","userid":"Woo","password":"a123"}
2023-05-25 21:40:21.731[info] 시작!
2023-05-25 21:40:21.861[info] DB 연결 성공!
2023-05-25 21:40:21.879[info] sequelize 동기화 성공!
2023-05-25 21:40:29.075[info] (user.req.params){"name":"gusdn","userid":"Woo","password":"a123"}
2023-05-25 21:40:29.092[debug] (userService.reg){"id":1,"name":"gusdn","userid":"Woo","password":"a123","updatedAt":"2023-05-25T12:40:29.079Z","createdAt":"2023-05-25T12:40:29.079Z"}
2023-05-25 21:40:29.093[info] (department.reg.result) {"id":1,"name":"gusdn","userid":"Woo","password":"a123","updatedAt":"2023-05-25T12:40:29.079Z","createdAt":"2023-05-25T12:40:29.079Z"}
2023-05-25 21:41:44.843[info] 시작!
2023-05-25 21:41:44.971[info] DB 연결 성공!
2023-05-25 21:41:44.986[info] sequelize 동기화 성공!
